init: ID:undefined typeof(xtype): object
obj?paused,title,stock,tooltip_text,listeners
init: ID:undefined typeof(el):[object GtkStatusIcon]
MAKE GtkStatusIcon
init: ID:menu typeof(xtype): object
obj?
init: ID:menu typeof(el):[object GtkMenu]
MAKE GtkMenu
init: ID:pause typeof(xtype): undefined
init: ID:pause typeof(el):[object GtkImageMenuItem]
MAKE 
Add signal activate
append[[object GtkImageMenuItem]]
init: ID:resume typeof(xtype): undefined
init: ID:resume typeof(el):[object GtkImageMenuItem]
MAKE 
Add signal activate
append[[object GtkImageMenuItem]]
init: ID:undefined typeof(xtype): undefined
init: ID:undefined typeof(el):[object GtkImageMenuItem]
MAKE 
Add signal activate
append[[object GtkImageMenuItem]]
init: ID:undefined typeof(xtype): undefined
init: ID:undefined typeof(el):[object GtkImageMenuItem]
MAKE 
Add signal activate
append[[object GtkImageMenuItem]]
init: ID:undefined typeof(xtype): undefined
init: ID:undefined typeof(el):[object GtkImageMenuItem]
MAKE 
Add signal activate
append[[object GtkImageMenuItem]]
init: ID:undefined typeof(xtype): undefined
init: ID:undefined typeof(el):[object GtkImageMenuItem]
MAKE 
Add signal activate
append[[object GtkImageMenuItem]]
Add signal activate

** (seed:1961): WARNING **: ArgumentError - probably due to incorrect gir file (which may be fixed upstream) argument 4 must not be null for function: timeout_add 


** (seed:1961): WARNING **: ArgumentError - probably due to incorrect gir file (which may be fixed upstream) argument 5 must not be null for function: timeout_add 

2012-03-26 11:15:12 takkun@myIsh: ~
git --work-tree /home/takkun/gitlive/gitlive --git-dir /home/takkun/gitlive/gitlive/.git --no-pager pull
cd /home/takkun/gitlive/gitlive;git --work-tree /home/takkun/gitlive/gitlive --git-dir /home/takkun/gitlive/gitlive/.git --no-pager pull
PID: 1996
starting main loop
output:Already up-to-date.
child_watch_add : result: 0
git --work-tree /home/takkun/gitlive/gitlive --git-dir /home/takkun/gitlive/gitlive/.git --no-pager add -- nohup.out
cd /home/takkun/gitlive/gitlive;git --work-tree /home/takkun/gitlive/gitlive --git-dir /home/takkun/gitlive/gitlive/.git --no-pager add -- nohup.out
PID: 2022
starting main loop
child_watch_add : result: 0
git --work-tree /home/takkun/gitlive/gitlive --git-dir /home/takkun/gitlive/gitlive/.git --no-pager commit -m nohup.out -- nohup.out
cd /home/takkun/gitlive/gitlive;git --work-tree /home/takkun/gitlive/gitlive --git-dir /home/takkun/gitlive/gitlive/.git --no-pager commit -m nohup.out -- nohup.out
PID: 2023
starting main loop
output:[master eb53f0a] nohup.out
output: 1 files changed, 61 insertions(+), 0 deletions(-)
output: create mode 100644 nohup.out
child_watch_add : result: 0
git --work-tree /home/takkun/gitlive/gitlive --git-dir /home/takkun/gitlive/gitlive/.git --no-pager push
cd /home/takkun/gitlive/gitlive;git --work-tree /home/takkun/gitlive/gitlive --git-dir /home/takkun/gitlive/gitlive/.git --no-pager push
PID: 2024
starting main loop
stderr:To http://git.roojs.com:8081/gitlive
stderr:   dfa42ae..eb53f0a  master -> master
child_watch_add : result: 0
[master eb53f0a] nohup.out
 1 files changed, 61 insertions(+), 0 deletions(-)
 create mode 100644 nohup.out


git --work-tree /home/takkun/gitlive/gitlive --git-dir /home/takkun/gitlive/gitlive/.git --no-pager pull
cd /home/takkun/gitlive/gitlive;git --work-tree /home/takkun/gitlive/gitlive --git-dir /home/takkun/gitlive/gitlive/.git --no-pager pull
PID: 2033
starting main loop
output:Already up-to-date.
child_watch_add : result: 0
git --work-tree /home/takkun/gitlive/gitlive --git-dir /home/takkun/gitlive/gitlive/.git --no-pager add -- nohup.out
cd /home/takkun/gitlive/gitlive;git --work-tree /home/takkun/gitlive/gitlive --git-dir /home/takkun/gitlive/gitlive/.git --no-pager add -- nohup.out
PID: 2056
starting main loop
child_watch_add : result: 0
git --work-tree /home/takkun/gitlive/gitlive --git-dir /home/takkun/gitlive/gitlive/.git --no-pager commit -m nohup.out -- nohup.out
cd /home/takkun/gitlive/gitlive;git --work-tree /home/takkun/gitlive/gitlive --git-dir /home/takkun/gitlive/gitlive/.git --no-pager commit -m nohup.out -- nohup.out
PID: 2057
starting main loop
output:[master 81d0ac2] nohup.out
output: 1 files changed, 31 insertions(+), 0 deletions(-)
child_watch_add : result: 0
git --work-tree /home/takkun/gitlive/gitlive --git-dir /home/takkun/gitlive/gitlive/.git --no-pager push
cd /home/takkun/gitlive/gitlive;git --work-tree /home/takkun/gitlive/gitlive --git-dir /home/takkun/gitlive/gitlive/.git --no-pager push
PID: 2058
starting main loop
stderr:To http://git.roojs.com:8081/gitlive
stderr:   eb53f0a..81d0ac2  master -> master
child_watch_add : result: 0
[master 81d0ac2] nohup.out
 1 files changed, 31 insertions(+), 0 deletions(-)


git --work-tree /home/takkun/gitlive/gitlive --git-dir /home/takkun/gitlive/gitlive/.git --no-pager pull
cd /home/takkun/gitlive/gitlive;git --work-tree /home/takkun/gitlive/gitlive --git-dir /home/takkun/gitlive/gitlive/.git --no-pager pull
PID: 2145
starting main loop
output:Already up-to-date.
child_watch_add : result: 0
git --work-tree /home/takkun/gitlive/gitlive --git-dir /home/takkun/gitlive/gitlive/.git --no-pager add -- nohup.out
cd /home/takkun/gitlive/gitlive;git --work-tree /home/takkun/gitlive/gitlive --git-dir /home/takkun/gitlive/gitlive/.git --no-pager add -- nohup.out
PID: 2185
starting main loop
child_watch_add : result: 0
git --work-tree /home/takkun/gitlive/gitlive --git-dir /home/takkun/gitlive/gitlive/.git --no-pager commit -m nohup.out -- nohup.out
cd /home/takkun/gitlive/gitlive;git --work-tree /home/takkun/gitlive/gitlive --git-dir /home/takkun/gitlive/gitlive/.git --no-pager commit -m nohup.out -- nohup.out
PID: 2186
starting main loop
output:[master 72c3c85] nohup.out
output: 1 files changed, 29 insertions(+), 0 deletions(-)
child_watch_add : result: 0
git --work-tree /home/takkun/gitlive/gitlive --git-dir /home/takkun/gitlive/gitlive/.git --no-pager push
cd /home/takkun/gitlive/gitlive;git --work-tree /home/takkun/gitlive/gitlive --git-dir /home/takkun/gitlive/gitlive/.git --no-pager push
PID: 2187
starting main loop
stderr:To http://git.roojs.com:8081/gitlive
stderr:   81d0ac2..72c3c85  master -> master
child_watch_add : result: 0
[master 72c3c85] nohup.out
 1 files changed, 29 insertions(+), 0 deletions(-)


init: ID:undefined typeof(xtype): object
obj?paused,title,stock,tooltip_text,listeners
init: ID:undefined typeof(el):[object GtkStatusIcon]
MAKE GtkStatusIcon
init: ID:menu typeof(xtype): object
obj?
init: ID:menu typeof(el):[object GtkMenu]
MAKE GtkMenu
init: ID:pause typeof(xtype): undefined
init: ID:pause typeof(el):[object GtkImageMenuItem]
MAKE 
Add signal activate
append[[object GtkImageMenuItem]]
init: ID:resume typeof(xtype): undefined
init: ID:resume typeof(el):[object GtkImageMenuItem]
MAKE 
Add signal activate
append[[object GtkImageMenuItem]]
init: ID:undefined typeof(xtype): undefined
init: ID:undefined typeof(el):[object GtkImageMenuItem]
MAKE 
Add signal activate
append[[object GtkImageMenuItem]]
init: ID:undefined typeof(xtype): undefined
init: ID:undefined typeof(el):[object GtkImageMenuItem]
MAKE 
Add signal activate
append[[object GtkImageMenuItem]]
init: ID:undefined typeof(xtype): undefined
init: ID:undefined typeof(el):[object GtkImageMenuItem]
MAKE 
Add signal activate
append[[object GtkImageMenuItem]]
init: ID:undefined typeof(xtype): undefined
init: ID:undefined typeof(el):[object GtkImageMenuItem]
MAKE 
Add signal activate
append[[object GtkImageMenuItem]]
Add signal activate

** (seed:4507): WARNING **: ArgumentError - probably due to incorrect gir file (which may be fixed upstream) argument 4 must not be null for function: timeout_add 


** (seed:4507): WARNING **: ArgumentError - probably due to incorrect gir file (which may be fixed upstream) argument 5 must not be null for function: timeout_add 

2012-03-26 11:31:20 takkun@myIsh: ~
git --work-tree /home/takkun/gitlive/gitlive --git-dir /home/takkun/gitlive/gitlive/.git --no-pager pull
cd /home/takkun/gitlive/gitlive;git --work-tree /home/takkun/gitlive/gitlive --git-dir /home/takkun/gitlive/gitlive/.git --no-pager pull
PID: 4535
starting main loop
output:Already up-to-date.
child_watch_add : result: 0
git --work-tree /home/takkun/gitlive/gitlive --git-dir /home/takkun/gitlive/gitlive/.git --no-pager add -- nohup.out
cd /home/takkun/gitlive/gitlive;git --work-tree /home/takkun/gitlive/gitlive --git-dir /home/takkun/gitlive/gitlive/.git --no-pager add -- nohup.out
PID: 4563
starting main loop
child_watch_add : result: 0
git --work-tree /home/takkun/gitlive/gitlive --git-dir /home/takkun/gitlive/gitlive/.git --no-pager commit -m nohup.out -- nohup.out
cd /home/takkun/gitlive/gitlive;git --work-tree /home/takkun/gitlive/gitlive --git-dir /home/takkun/gitlive/gitlive/.git --no-pager commit -m nohup.out -- nohup.out
PID: 4564
starting main loop
output:[master e5b2ba7] nohup.out
output: 1 files changed, 75 insertions(+), 0 deletions(-)
child_watch_add : result: 0
git --work-tree /home/takkun/gitlive/gitlive --git-dir /home/takkun/gitlive/gitlive/.git --no-pager push
cd /home/takkun/gitlive/gitlive;git --work-tree /home/takkun/gitlive/gitlive --git-dir /home/takkun/gitlive/gitlive/.git --no-pager push
PID: 4565
starting main loop
stderr:To http://git.roojs.com:8081/gitlive
stderr:   72c3c85..e5b2ba7  master -> master
child_watch_add : result: 0
[master e5b2ba7] nohup.out
 1 files changed, 75 insertions(+), 0 deletions(-)


2012-03-26 11:31:26 Alan Knowles (and 1 other)
2012-03-26 11:31:27 takkun@myIsh: ~
git --work-tree /home/takkun/gitlive/gitlive --git-dir /home/takkun/gitlive/gitlive/.git --no-pager pull
cd /home/takkun/gitlive/gitlive;git --work-tree /home/takkun/gitlive/gitlive --git-dir /home/takkun/gitlive/gitlive/.git --no-pager pull
PID: 4580
starting main loop
CALL: undefined:activate
[object GtkStatusIcon],
SEARCH FOR menu in undefined
SEARCH FOR resume in undefined
SEARCH FOR resume in menu
output:Already up-to-date.
child_watch_add : result: 0
git --work-tree /home/takkun/gitlive/gitlive --git-dir /home/takkun/gitlive/gitlive/.git --no-pager add -- nohup.out
cd /home/takkun/gitlive/gitlive;git --work-tree /home/takkun/gitlive/gitlive --git-dir /home/takkun/gitlive/gitlive/.git --no-pager add -- nohup.out
PID: 4603
starting main loop
child_watch_add : result: 0
git --work-tree /home/takkun/gitlive/gitlive --git-dir /home/takkun/gitlive/gitlive/.git --no-pager commit -m nohup.out -- nohup.out
cd /home/takkun/gitlive/gitlive;git --work-tree /home/takkun/gitlive/gitlive --git-dir /home/takkun/gitlive/gitlive/.git --no-pager commit -m nohup.out -- nohup.out
PID: 4604
starting main loop
output:[master ddb203c] nohup.out
output: 1 files changed, 36 insertions(+), 0 deletions(-)
child_watch_add : result: 0
git --work-tree /home/takkun/gitlive/gitlive --git-dir /home/takkun/gitlive/gitlive/.git --no-pager push
cd /home/takkun/gitlive/gitlive;git --work-tree /home/takkun/gitlive/gitlive --git-dir /home/takkun/gitlive/gitlive/.git --no-pager push
PID: 4605
starting main loop
stderr:To http://git.roojs.com:8081/gitlive
stderr:   e5b2ba7..ddb203c  master -> master
child_watch_add : result: 0
[master ddb203c] nohup.out
 1 files changed, 36 insertions(+), 0 deletions(-)


2012-03-26 11:31:32 Alan Knowles (and 1 other)
2012-03-26 11:31:33 takkun@myIsh: ~
2012-03-26 11:31:34 Alan Knowles (and 1 other)
2012-03-26 11:31:35 Nicole Polk (and 1 other)
2012-03-26 11:31:35 Alan Knowles (and 1 other)
2012-03-26 11:31:36 takkun@myIsh: ~
git --work-tree /home/takkun/gitlive/gitlive --git-dir /home/takkun/gitlive/gitlive/.git --no-pager pull
cd /home/takkun/gitlive/gitlive;git --work-tree /home/takkun/gitlive/gitlive --git-dir /home/takkun/gitlive/gitlive/.git --no-pager pull
PID: 4612
starting main loop
output:Already up-to-date.
child_watch_add : result: 0
git --work-tree /home/takkun/gitlive/gitlive --git-dir /home/takkun/gitlive/gitlive/.git --no-pager add -- nohup.out
cd /home/takkun/gitlive/gitlive;git --work-tree /home/takkun/gitlive/gitlive --git-dir /home/takkun/gitlive/gitlive/.git --no-pager add -- nohup.out
PID: 4635
starting main loop
child_watch_add : result: 0
git --work-tree /home/takkun/gitlive/gitlive --git-dir /home/takkun/gitlive/gitlive/.git --no-pager commit -m nohup.out -- nohup.out
cd /home/takkun/gitlive/gitlive;git --work-tree /home/takkun/gitlive/gitlive --git-dir /home/takkun/gitlive/gitlive/.git --no-pager commit -m nohup.out -- nohup.out
PID: 4636
starting main loop
output:[master 9abed2d] nohup.out
output: 1 files changed, 35 insertions(+), 0 deletions(-)
child_watch_add : result: 0
git --work-tree /home/takkun/gitlive/gitlive --git-dir /home/takkun/gitlive/gitlive/.git --no-pager push
cd /home/takkun/gitlive/gitlive;git --work-tree /home/takkun/gitlive/gitlive --git-dir /home/takkun/gitlive/gitlive/.git --no-pager push
PID: 4637
starting main loop
stderr:To http://git.roojs.com:8081/gitlive
stderr:   ddb203c..9abed2d  master -> master
child_watch_add : result: 0
[master 9abed2d] nohup.out
 1 files changed, 35 insertions(+), 0 deletions(-)


git --work-tree /home/takkun/gitlive/gitlive --git-dir /home/takkun/gitlive/gitlive/.git --no-pager pull
cd /home/takkun/gitlive/gitlive;git --work-tree /home/takkun/gitlive/gitlive --git-dir /home/takkun/gitlive/gitlive/.git --no-pager pull
PID: 4645
starting main loop
child_watch_add : result: 0
output:Already up-to-date.
git --work-tree /home/takkun/gitlive/gitlive --git-dir /home/takkun/gitlive/gitlive/.git --no-pager add -- nohup.out
cd /home/takkun/gitlive/gitlive;git --work-tree /home/takkun/gitlive/gitlive --git-dir /home/takkun/gitlive/gitlive/.git --no-pager add -- nohup.out
PID: 4668
starting main loop
child_watch_add : result: 0
git --work-tree /home/takkun/gitlive/gitlive --git-dir /home/takkun/gitlive/gitlive/.git --no-pager commit -m nohup.out -- nohup.out
cd /home/takkun/gitlive/gitlive;git --work-tree /home/takkun/gitlive/gitlive --git-dir /home/takkun/gitlive/gitlive/.git --no-pager commit -m nohup.out -- nohup.out
PID: 4669
starting main loop
output:[master 1beeafd] nohup.out
output: 1 files changed, 29 insertions(+), 0 deletions(-)
child_watch_add : result: 0
git --work-tree /home/takkun/gitlive/gitlive --git-dir /home/takkun/gitlive/gitlive/.git --no-pager push
cd /home/takkun/gitlive/gitlive;git --work-tree /home/takkun/gitlive/gitlive --git-dir /home/takkun/gitlive/gitlive/.git --no-pager push
PID: 4670
starting main loop
stderr:To http://git.roojs.com:8081/gitlive
stderr:   9abed2d..1beeafd  master -> master
child_watch_add : result: 0
[master 1beeafd] nohup.out
 1 files changed, 29 insertions(+), 0 deletions(-)


2012-03-26 11:31:47 IDLE
git --work-tree /home/takkun/gitlive/gitlive --git-dir /home/takkun/gitlive/gitlive/.git --no-pager pull
cd /home/takkun/gitlive/gitlive;git --work-tree /home/takkun/gitlive/gitlive --git-dir /home/takkun/gitlive/gitlive/.git --no-pager pull
PID: 4678
starting main loop
output:Already up-to-date.
child_watch_add : result: 0
git --work-tree /home/takkun/gitlive/gitlive --git-dir /home/takkun/gitlive/gitlive/.git --no-pager add -- nohup.out
cd /home/takkun/gitlive/gitlive;git --work-tree /home/takkun/gitlive/gitlive --git-dir /home/takkun/gitlive/gitlive/.git --no-pager add -- nohup.out
PID: 4701
starting main loop
child_watch_add : result: 0
git --work-tree /home/takkun/gitlive/gitlive --git-dir /home/takkun/gitlive/gitlive/.git --no-pager commit -m nohup.out -- nohup.out
cd /home/takkun/gitlive/gitlive;git --work-tree /home/takkun/gitlive/gitlive --git-dir /home/takkun/gitlive/gitlive/.git --no-pager commit -m nohup.out -- nohup.out
PID: 4702
starting main loop
output:[master 3ce9bbf] nohup.out
output: 1 files changed, 30 insertions(+), 0 deletions(-)
child_watch_add : result: 0
git --work-tree /home/takkun/gitlive/gitlive --git-dir /home/takkun/gitlive/gitlive/.git --no-pager push
cd /home/takkun/gitlive/gitlive;git --work-tree /home/takkun/gitlive/gitlive --git-dir /home/takkun/gitlive/gitlive/.git --no-pager push
PID: 4703
starting main loop
stderr:To http://git.roojs.com:8081/gitlive
stderr:   1beeafd..3ce9bbf  master -> master
child_watch_add : result: 0
[master 3ce9bbf] nohup.out
 1 files changed, 30 insertions(+), 0 deletions(-)


git --work-tree /home/takkun/gitlive/gitlive --git-dir /home/takkun/gitlive/gitlive/.git --no-pager pull
cd /home/takkun/gitlive/gitlive;git --work-tree /home/takkun/gitlive/gitlive --git-dir /home/takkun/gitlive/gitlive/.git --no-pager pull
PID: 4710
starting main loop
output:Already up-to-date.
child_watch_add : result: 0
git --work-tree /home/takkun/gitlive/gitlive --git-dir /home/takkun/gitlive/gitlive/.git --no-pager add -- nohup.out
cd /home/takkun/gitlive/gitlive;git --work-tree /home/takkun/gitlive/gitlive --git-dir /home/takkun/gitlive/gitlive/.git --no-pager add -- nohup.out
PID: 4733
starting main loop
child_watch_add : result: 0
git --work-tree /home/takkun/gitlive/gitlive --git-dir /home/takkun/gitlive/gitlive/.git --no-pager commit -m nohup.out -- nohup.out
cd /home/takkun/gitlive/gitlive;git --work-tree /home/takkun/gitlive/gitlive --git-dir /home/takkun/gitlive/gitlive/.git --no-pager commit -m nohup.out -- nohup.out
PID: 4734
starting main loop
output:[master 6596d99] nohup.out
output: 1 files changed, 29 insertions(+), 0 deletions(-)
child_watch_add : result: 0
git --work-tree /home/takkun/gitlive/gitlive --git-dir /home/takkun/gitlive/gitlive/.git --no-pager push
cd /home/takkun/gitlive/gitlive;git --work-tree /home/takkun/gitlive/gitlive --git-dir /home/takkun/gitlive/gitlive/.git --no-pager push
PID: 4735
starting main loop
stderr:To http://git.roojs.com:8081/gitlive
stderr:   3ce9bbf..6596d99  master -> master
child_watch_add : result: 0
[master 6596d99] nohup.out
 1 files changed, 29 insertions(+), 0 deletions(-)


git --work-tree /home/takkun/gitlive/gitlive --git-dir /home/takkun/gitlive/gitlive/.git --no-pager pull
cd /home/takkun/gitlive/gitlive;git --work-tree /home/takkun/gitlive/gitlive --git-dir /home/takkun/gitlive/gitlive/.git --no-pager pull
PID: 4742
starting main loop
output:Already up-to-date.
child_watch_add : result: 0
git --work-tree /home/takkun/gitlive/gitlive --git-dir /home/takkun/gitlive/gitlive/.git --no-pager add -- nohup.out
cd /home/takkun/gitlive/gitlive;git --work-tree /home/takkun/gitlive/gitlive --git-dir /home/takkun/gitlive/gitlive/.git --no-pager add -- nohup.out
PID: 4765
starting main loop
child_watch_add : result: 0
git --work-tree /home/takkun/gitlive/gitlive --git-dir /home/takkun/gitlive/gitlive/.git --no-pager commit -m nohup.out -- nohup.out
cd /home/takkun/gitlive/gitlive;git --work-tree /home/takkun/gitlive/gitlive --git-dir /home/takkun/gitlive/gitlive/.git --no-pager commit -m nohup.out -- nohup.out
PID: 4766
starting main loop
